<?xml version="1.0" encoding="UTF-8"?>
<testsuite name="UnderflowServiceTest$UnderflowService" tests="3" skipped="0" failures="0" errors="0" timestamp="2022-05-28T23:57:11" hostname="DESKTOP-6BLGFAM" time="1.642">
  <properties/>
  <testcase name="should be able to vote up question()" classname="UnderflowServiceTest$UnderflowService" time="1.625"/>
  <testcase name="should throw an exception if the question id is invalid()" classname="UnderflowServiceTest$UnderflowService" time="0.009"/>
  <testcase name="should be able to initialise service()" classname="UnderflowServiceTest$UnderflowService" time="0.001"/>
  <system-out><![CDATA[]]></system-out>
  <system-err><![CDATA[]]></system-err>
</testsuite>
