<?xml version="1.0" encoding="UTF-8"?>
<testsuite name="UnderflowServiceTest$WithAnnotations" tests="1" skipped="0" failures="0" errors="0" timestamp="2022-05-28T23:57:12" hostname="DESKTOP-6BLGFAM" time="0.007">
  <properties/>
  <testcase name="should be able to vote up question()" classname="UnderflowServiceTest$WithAnnotations" time="0.007"/>
  <system-out><![CDATA[]]></system-out>
  <system-err><![CDATA[]]></system-err>
</testsuite>
